# JRE version: Java(TM) SE Runtime Environment (7.0_79-b15) (build 1.7.0_79-b15)
# Java VM: Java HotSpot(TM) 64-Bit Server VM (24.79-b02 mixed mode windows-amd64 compressed oops)
Heap
 PSYoungGen      total 134656K, used 52025K [0x00000007d6100000, 0x00000007e0200000, 0x0000000800000000)
  eden space 124416K, 33% used [0x00000007d6100000,0x00000007d89d1008,0x00000007dda80000)
  from space 10240K, 99% used [0x00000007deb00000,0x00000007df4fd760,0x00000007df500000)
  to   space 16896K, 0% used [0x00000007dda80000,0x00000007dda80000,0x00000007deb00000)
 ParOldGen       total 85504K, used 18625K [0x0000000782400000, 0x0000000787780000, 0x00000007d6100000)
  object space 85504K, 21% used [0x0000000782400000,0x0000000783630580,0x0000000787780000)
 PSPermGen       total 22016K, used 21666K [0x000000077d200000, 0x000000077e780000, 0x0000000782400000)
  object space 22016K, 98% used [0x000000077d200000,0x000000077e7288c8,0x000000077e780000)
GC Heap History (10 events):
Event: 1.243 GC heap before
{Heap before GC invocations=2 (full 0):
 PSYoungGen      total 37888K, used 37536K [0x00000007d6100000, 0x00000007d8b00000, 0x0000000800000000)
  eden space 32768K, 100% used [0x00000007d6100000,0x00000007d8100000,0x00000007d8100000)
  from space 5120K, 93% used [0x00000007d8100000,0x00000007d85a83a8,0x00000007d8600000)
  to   space 5120K, 0% used [0x00000007d8600000,0x00000007d8600000,0x00000007d8b00000)
 ParOldGen       total 85504K, used 8K [0x0000000782400000, 0x0000000787780000, 0x00000007d6100000)
  object space 85504K, 0% used [0x0000000782400000,0x0000000782402000,0x0000000787780000)
 PSPermGen       total 21504K, used 12013K [0x000000077d200000, 0x000000077e700000, 0x0000000782400000)
  object space 21504K, 55% used [0x000000077d200000,0x000000077ddbb7c8,0x000000077e700000)
Event: 1.252 GC heap after
Heap after GC invocations=2 (full 0):
 PSYoungGen      total 37888K, used 5100K [0x00000007d6100000, 0x00000007dab00000, 0x0000000800000000)
  eden space 32768K, 0% used [0x00000007d6100000,0x00000007d6100000,0x00000007d8100000)
  from space 5120K, 99% used [0x00000007d8600000,0x00000007d8afb138,0x00000007d8b00000)
  to   space 5120K, 0% used [0x00000007d8100000,0x00000007d8100000,0x00000007d8600000)
 ParOldGen       total 85504K, used 1104K [0x0000000782400000, 0x0000000787780000, 0x00000007d6100000)
  object space 85504K, 1% used [0x0000000782400000,0x0000000782514310,0x0000000787780000)
 PSPermGen       total 21504K, used 12013K [0x000000077d200000, 0x000000077e700000, 0x0000000782400000)
  object space 21504K, 55% used [0x000000077d200000,0x000000077ddbb7c8,0x000000077e700000)
}
Event: 1.893 GC heap before
{Heap before GC invocations=3 (full 0):
 PSYoungGen      total 37888K, used 37868K [0x00000007d6100000, 0x00000007dab00000, 0x0000000800000000)
  eden space 32768K, 100% used [0x00000007d6100000,0x00000007d8100000,0x00000007d8100000)
  from space 5120K, 99% used [0x00000007d8600000,0x00000007d8afb138,0x00000007d8b00000)
  to   space 5120K, 0% used [0x00000007d8100000,0x00000007d8100000,0x00000007d8600000)
 ParOldGen       total 85504K, used 1104K [0x0000000782400000, 0x0000000787780000, 0x00000007d6100000)
  object space 85504K, 1% used [0x0000000782400000,0x0000000782514310,0x0000000787780000)
 PSPermGen       total 21504K, used 15144K [0x000000077d200000, 0x000000077e700000, 0x0000000782400000)
  object space 21504K, 70% used [0x000000077d200000,0x000000077e0ca128,0x000000077e700000)
Event: 1.900 GC heap after
Heap after GC invocations=3 (full 0):
 PSYoungGen      total 37888K, used 5112K [0x00000007d6100000, 0x00000007dab00000, 0x0000000800000000)
  eden space 32768K, 0% used [0x00000007d6100000,0x00000007d6100000,0x00000007d8100000)
  from space 5120K, 99% used [0x00000007d8100000,0x00000007d85fe318,0x00000007d8600000)
  to   space 5120K, 0% used [0x00000007da600000,0x00000007da600000,0x00000007dab00000)
 ParOldGen       total 85504K, used 2769K [0x0000000782400000, 0x0000000787780000, 0x00000007d6100000)
  object space 85504K, 3% used [0x0000000782400000,0x00000007826b4508,0x0000000787780000)
 PSPermGen       total 21504K, used 15144K [0x000000077d200000, 0x000000077e700000, 0x0000000782400000)
  object space 21504K, 70% used [0x000000077d200000,0x000000077e0ca128,0x000000077e700000)
}
Event: 2.391 GC heap before
{Heap before GC invocations=4 (full 0):
 PSYoungGen      total 37888K, used 37880K [0x00000007d6100000, 0x00000007dab00000, 0x0000000800000000)
  eden space 32768K, 100% used [0x00000007d6100000,0x00000007d8100000,0x00000007d8100000)
  from space 5120K, 99% used [0x00000007d8100000,0x00000007d85fe318,0x00000007d8600000)
  to   space 5120K, 0% used [0x00000007da600000,0x00000007da600000,0x00000007dab00000)
 ParOldGen       total 85504K, used 2769K [0x0000000782400000, 0x0000000787780000, 0x00000007d6100000)
  object space 85504K, 3% used [0x0000000782400000,0x00000007826b4508,0x0000000787780000)
 PSPermGen       total 21504K, used 16534K [0x000000077d200000, 0x000000077e700000, 0x0000000782400000)
  object space 21504K, 76% used [0x000000077d200000,0x000000077e225a10,0x000000077e700000)
Event: 2.410 GC heap after
Heap after GC invocations=4 (full 0):
 PSYoungGen      total 70656K, used 5088K [0x00000007d6100000, 0x00000007dab00000, 0x0000000800000000)
  eden space 65536K, 0% used [0x00000007d6100000,0x00000007d6100000,0x00000007da100000)
  from space 5120K, 99% used [0x00000007da600000,0x00000007daaf8170,0x00000007dab00000)
  to   space 5120K, 0% used [0x00000007da100000,0x00000007da100000,0x00000007da600000)
 ParOldGen       total 85504K, used 5513K [0x0000000782400000, 0x0000000787780000, 0x00000007d6100000)
  object space 85504K, 6% used [0x0000000782400000,0x0000000782962670,0x0000000787780000)
 PSPermGen       total 21504K, used 16534K [0x000000077d200000, 0x000000077e700000, 0x0000000782400000)
  object space 21504K, 76% used [0x000000077d200000,0x000000077e225a10,0x000000077e700000)
}
Event: 3.361 GC heap before
{Heap before GC invocations=5 (full 0):
 PSYoungGen      total 70656K, used 70624K [0x00000007d6100000, 0x00000007dab00000, 0x0000000800000000)
  eden space 65536K, 100% used [0x00000007d6100000,0x00000007da100000,0x00000007da100000)
  from space 5120K, 99% used [0x00000007da600000,0x00000007daaf8170,0x00000007dab00000)
  to   space 5120K, 0% used [0x00000007da100000,0x00000007da100000,0x00000007da600000)
 ParOldGen       total 85504K, used 5513K [0x0000000782400000, 0x0000000787780000, 0x00000007d6100000)
  object space 85504K, 6% used [0x0000000782400000,0x0000000782962670,0x0000000787780000)
 PSPermGen       total 21504K, used 16986K [0x000000077d200000, 0x000000077e700000, 0x0000000782400000)
  object space 21504K, 78% used [0x000000077d200000,0x000000077e296ab0,0x000000077e700000)
Event: 3.389 GC heap after
Heap after GC invocations=5 (full 0):
 PSYoungGen      total 70656K, used 5104K [0x00000007d6100000, 0x00000007df500000, 0x0000000800000000)
  eden space 65536K, 0% used [0x00000007d6100000,0x00000007d6100000,0x00000007da100000)
  from space 5120K, 99% used [0x00000007da100000,0x00000007da5fc010,0x00000007da600000)
  to   space 10240K, 0% used [0x00000007deb00000,0x00000007deb00000,0x00000007df500000)
 ParOldGen       total 85504K, used 9472K [0x0000000782400000, 0x0000000787780000, 0x00000007d6100000)
  object space 85504K, 11% used [0x0000000782400000,0x0000000782d40158,0x0000000787780000)
 PSPermGen       total 21504K, used 16986K [0x000000077d200000, 0x000000077e700000, 0x0000000782400000)
  object space 21504K, 78% used [0x000000077d200000,0x000000077e296ab0,0x000000077e700000)
}
Event: 4.363 GC heap before
{Heap before GC invocations=6 (full 0):
 PSYoungGen      total 70656K, used 70640K [0x00000007d6100000, 0x00000007df500000, 0x0000000800000000)
  eden space 65536K, 100% used [0x00000007d6100000,0x00000007da100000,0x00000007da100000)
  from space 5120K, 99% used [0x00000007da100000,0x00000007da5fc010,0x00000007da600000)
  to   space 10240K, 0% used [0x00000007deb00000,0x00000007deb00000,0x00000007df500000)
 ParOldGen       total 85504K, used 9472K [0x0000000782400000, 0x0000000787780000, 0x00000007d6100000)
  object space 85504K, 11% used [0x0000000782400000,0x0000000782d40158,0x0000000787780000)
 PSPermGen       total 21504K, used 20795K [0x000000077d200000, 0x000000077e700000, 0x0000000782400000)
  object space 21504K, 96% used [0x000000077d200000,0x000000077e64ed70,0x000000077e700000)
Event: 4.381 GC heap after
Heap after GC invocations=6 (full 0):
 PSYoungGen      total 134656K, used 10229K [0x00000007d6100000, 0x00000007e0200000, 0x0000000800000000)
  eden space 124416K, 0% used [0x00000007d6100000,0x00000007d6100000,0x00000007dda80000)
  from space 10240K, 99% used [0x00000007deb00000,0x00000007df4fd760,0x00000007df500000)
  to   space 16896K, 0% used [0x00000007dda80000,0x00000007dda80000,0x00000007deb00000)
 ParOldGen       total 85504K, used 18625K [0x0000000782400000, 0x0000000787780000, 0x00000007d6100000)
  object space 85504K, 21% used [0x0000000782400000,0x0000000783630580,0x0000000787780000)
 PSPermGen       total 21504K, used 20795K [0x000000077d200000, 0x000000077e700000, 0x0000000782400000)
  object space 21504K, 96% used [0x000000077d200000,0x000000077e64ed70,0x000000077e700000)
}

